{"uid":"35b1b6e5add64bb6","name":"Purchase of a product","fullName":"Purchase of a Product: Purchase of a product","historyId":"8ed74df2871e6ca66cf3df8a2539b6e0","time":{"start":1743192709757,"stop":1743192712033,"duration":2276},"description":"  - As a user, I should be able to make a purchase of a product on the website","descriptionHtml":"<ul>\n<li>As a user, I should be able to make a purchase of a product on the website</li>\n</ul>\n","status":"broken","statusMessage":"Error visiting URL: http://automationpratice.com.br","statusTrace":"java.lang.RuntimeException: Error visiting URL: http://automationpratice.com.br\n\tat support.BasePage.visit(BasePage.java:46)\n\tat actions.accessibilities.LoginActions.openHome(LoginActions.java:27)\n\tat steps.accessibilities.LoginSteps.the_user_accesses_the_site(LoginSteps.java:15)\n\tat ✽.the user accesses the site(file:///home/runner/work/Selenium-Cucumber-Java/Selenium-Cucumber-Java/src/test/resources/features/usability/BuyProduct.feature:8)\nCaused by: org.openqa.selenium.WebDriverException: unknown error: net::ERR_CONNECTION_RESET\n  (Session info: MicrosoftEdge=134.0.3124.95)\nBuild info: version: '4.3.0', revision: 'a4995e2c09*'\nSystem info: host: 'fv-az1983-172', ip: '10.1.0.137', os.name: 'Linux', os.arch: 'amd64', os.version: '6.8.0-1021-azure', java.version: '11.0.26'\nDriver info: org.openqa.selenium.edge.EdgeDriver\nCommand: [24f9944bcb45273a24bc022c47d07cd8, get {url=http://automationpratice.com.br}]\nCapabilities {acceptInsecureCerts: false, browserName: MicrosoftEdge, browserVersion: 134.0.3124.95, fedcm:accounts: true, ms:edgeOptions: {debuggerAddress: localhost:36757}, msedge: {msedgedriverVersion: 134.0.3124.95 (92cd2f8e466e..., userDataDir: /tmp/.com.microsoft.Edge.qZ...}, networkConnectionEnabled: false, pageLoadStrategy: normal, platformName: LINUX, proxy: Proxy(), se:cdp: ws://localhost:36757/devtoo..., se:cdpVersion: 134.0.3124.95, setWindowRect: true, strictFileInteractability: false, timeouts: {implicit: 0, pageLoad: 300000, script: 30000}, unhandledPromptBehavior: dismiss and notify, webauthn:extension:credBlob: true, webauthn:extension:largeBlob: true, webauthn:extension:minPinLength: true, webauthn:extension:prf: true, webauthn:virtualAuthenticators: true}\nSession ID: 24f9944bcb45273a24bc022c47d07cd8\n\tat java.base/jdk.internal.reflect.NativeConstructorAccessorImpl.newInstance0(Native Method)\n\tat java.base/jdk.internal.reflect.NativeConstructorAccessorImpl.newInstance(NativeConstructorAccessorImpl.java:62)\n\tat java.base/jdk.internal.reflect.DelegatingConstructorAccessorImpl.newInstance(DelegatingConstructorAccessorImpl.java:45)\n\tat java.base/java.lang.reflect.Constructor.newInstance(Constructor.java:490)\n\tat org.openqa.selenium.remote.codec.w3c.W3CHttpResponseCodec.createException(W3CHttpResponseCodec.java:200)\n\tat org.openqa.selenium.remote.codec.w3c.W3CHttpResponseCodec.decode(W3CHttpResponseCodec.java:133)\n\tat org.openqa.selenium.remote.codec.w3c.W3CHttpResponseCodec.decode(W3CHttpResponseCodec.java:53)\n\tat org.openqa.selenium.remote.HttpCommandExecutor.execute(HttpCommandExecutor.java:184)\n\tat org.openqa.selenium.remote.service.DriverCommandExecutor.invokeExecute(DriverCommandExecutor.java:167)\n\tat org.openqa.selenium.remote.service.DriverCommandExecutor.execute(DriverCommandExecutor.java:142)\n\tat org.openqa.selenium.remote.RemoteWebDriver.execute(RemoteWebDriver.java:569)\n\tat org.openqa.selenium.remote.RemoteWebDriver.get(RemoteWebDriver.java:332)\n\tat support.BasePage.visit(BasePage.java:44)\n\tat actions.accessibilities.LoginActions.openHome(LoginActions.java:27)\n\tat steps.accessibilities.LoginSteps.the_user_accesses_the_site(LoginSteps.java:15)\n\tat java.base/jdk.internal.reflect.NativeMethodAccessorImpl.invoke0(Native Method)\n\tat java.base/jdk.internal.reflect.NativeMethodAccessorImpl.invoke(NativeMethodAccessorImpl.java:62)\n\tat java.base/jdk.internal.reflect.DelegatingMethodAccessorImpl.invoke(DelegatingMethodAccessorImpl.java:43)\n\tat java.base/java.lang.reflect.Method.invoke(Method.java:566)\n\tat io.cucumber.java.Invoker.doInvoke(Invoker.java:66)\n\tat io.cucumber.java.Invoker.invoke(Invoker.java:24)\n\tat io.cucumber.java.AbstractGlueDefinition.invokeMethod(AbstractGlueDefinition.java:47)\n\tat io.cucumber.java.JavaStepDefinition.execute(JavaStepDefinition.java:29)\n\tat io.cucumber.core.runner.CoreStepDefinition.execute(CoreStepDefinition.java:66)\n\tat io.cucumber.core.runner.PickleStepDefinitionMatch.runStep(PickleStepDefinitionMatch.java:63)\n\tat io.cucumber.core.runner.ExecutionMode$1.execute(ExecutionMode.java:10)\n\tat io.cucumber.core.runner.TestStep.executeStep(TestStep.java:85)\n\tat io.cucumber.core.runner.TestStep.run(TestStep.java:57)\n\tat io.cucumber.core.runner.PickleStepTestStep.run(PickleStepTestStep.java:51)\n\tat io.cucumber.core.runner.TestCase.run(TestCase.java:84)\n\tat io.cucumber.core.runner.Runner.runPickle(Runner.java:75)\n\tat io.cucumber.junit.PickleRunners$NoStepDescriptions.lambda$run$0(PickleRunners.java:151)\n\tat io.cucumber.core.runtime.CucumberExecutionContext.lambda$runTestCase$5(CucumberExecutionContext.java:129)\n\tat io.cucumber.core.runtime.RethrowingThrowableCollector.executeAndThrow(RethrowingThrowableCollector.java:23)\n\tat io.cucumber.core.runtime.CucumberExecutionContext.runTestCase(CucumberExecutionContext.java:129)\n\tat io.cucumber.junit.PickleRunners$NoStepDescriptions.run(PickleRunners.java:148)\n\tat io.cucumber.junit.FeatureRunner.runChild(FeatureRunner.java:144)\n\tat io.cucumber.junit.FeatureRunner.runChild(FeatureRunner.java:28)\n\tat org.junit.runners.ParentRunner$4.run(ParentRunner.java:331)\n\tat org.junit.runners.ParentRunner$1.schedule(ParentRunner.java:79)\n\tat org.junit.runners.ParentRunner.runChildren(ParentRunner.java:329)\n\tat org.junit.runners.ParentRunner.access$100(ParentRunner.java:66)\n\tat org.junit.runners.ParentRunner$2.evaluate(ParentRunner.java:293)\n\tat org.junit.runners.ParentRunner$3.evaluate(ParentRunner.java:306)\n\tat org.junit.runners.ParentRunner.run(ParentRunner.java:413)\n\tat io.cucumber.junit.FeatureRunner.run(FeatureRunner.java:137)\n\tat io.cucumber.junit.Cucumber.runChild(Cucumber.java:196)\n\tat io.cucumber.junit.Cucumber.runChild(Cucumber.java:89)\n\tat org.junit.runners.ParentRunner$4.run(ParentRunner.java:331)\n\tat org.junit.runners.ParentRunner$1.schedule(ParentRunner.java:79)\n\tat org.junit.runners.ParentRunner.runChildren(ParentRunner.java:329)\n\tat org.junit.runners.ParentRunner.access$100(ParentRunner.java:66)\n\tat org.junit.runners.ParentRunner$2.evaluate(ParentRunner.java:293)\n\tat io.cucumber.junit.Cucumber$RunBeforeAllHooks.evaluate(Cucumber.java:266)\n\tat io.cucumber.junit.Cucumber$RunAfterAllHooks.evaluate(Cucumber.java:281)\n\tat io.cucumber.junit.Cucumber$StartTestRun.evaluate(Cucumber.java:233)\n\tat io.cucumber.junit.Cucumber$FinishTestRun.evaluate(Cucumber.java:248)\n\tat org.junit.runners.ParentRunner$3.evaluate(ParentRunner.java:306)\n\tat org.junit.runners.ParentRunner.run(ParentRunner.java:413)\n\tat org.apache.maven.surefire.junit4.JUnit4Provider.execute(JUnit4Provider.java:365)\n\tat org.apache.maven.surefire.junit4.JUnit4Provider.executeWithRerun(JUnit4Provider.java:273)\n\tat org.apache.maven.surefire.junit4.JUnit4Provider.executeTestSet(JUnit4Provider.java:238)\n\tat org.apache.maven.surefire.junit4.JUnit4Provider.invoke(JUnit4Provider.java:159)\n\tat org.apache.maven.surefire.booter.ForkedBooter.invokeProviderInSameClassLoader(ForkedBooter.java:383)\n\tat org.apache.maven.surefire.booter.ForkedBooter.runSuitesInProcess(ForkedBooter.java:344)\n\tat org.apache.maven.surefire.booter.ForkedBooter.execute(ForkedBooter.java:125)\n\tat org.apache.maven.surefire.booter.ForkedBooter.main(ForkedBooter.java:417)\n","flaky":false,"newFailed":false,"newBroken":true,"newPassed":false,"retriesCount":1,"retriesStatusChange":false,"beforeStages":[{"name":"steps.Hooks.init(io.cucumber.java.Scenario)","time":{"start":1743192709757,"stop":1743192710187,"duration":430},"status":"passed","steps":[],"attachments":[],"parameters":[],"shouldDisplayMessage":false,"stepsCount":0,"attachmentsCount":0,"hasContent":false,"attachmentStep":false}],"testStage":{"description":"  - As a user, I should be able to make a purchase of a product on the website","status":"broken","statusMessage":"Error visiting URL: http://automationpratice.com.br","statusTrace":"java.lang.RuntimeException: Error visiting URL: http://automationpratice.com.br\n\tat support.BasePage.visit(BasePage.java:46)\n\tat actions.accessibilities.LoginActions.openHome(LoginActions.java:27)\n\tat steps.accessibilities.LoginSteps.the_user_accesses_the_site(LoginSteps.java:15)\n\tat ✽.the user accesses the site(file:///home/runner/work/Selenium-Cucumber-Java/Selenium-Cucumber-Java/src/test/resources/features/usability/BuyProduct.feature:8)\nCaused by: org.openqa.selenium.WebDriverException: unknown error: net::ERR_CONNECTION_RESET\n  (Session info: MicrosoftEdge=134.0.3124.95)\nBuild info: version: '4.3.0', revision: 'a4995e2c09*'\nSystem info: host: 'fv-az1983-172', ip: '10.1.0.137', os.name: 'Linux', os.arch: 'amd64', os.version: '6.8.0-1021-azure', java.version: '11.0.26'\nDriver info: org.openqa.selenium.edge.EdgeDriver\nCommand: [24f9944bcb45273a24bc022c47d07cd8, get {url=http://automationpratice.com.br}]\nCapabilities {acceptInsecureCerts: false, browserName: MicrosoftEdge, browserVersion: 134.0.3124.95, fedcm:accounts: true, ms:edgeOptions: {debuggerAddress: localhost:36757}, msedge: {msedgedriverVersion: 134.0.3124.95 (92cd2f8e466e..., userDataDir: /tmp/.com.microsoft.Edge.qZ...}, networkConnectionEnabled: false, pageLoadStrategy: normal, platformName: LINUX, proxy: Proxy(), se:cdp: ws://localhost:36757/devtoo..., se:cdpVersion: 134.0.3124.95, setWindowRect: true, strictFileInteractability: false, timeouts: {implicit: 0, pageLoad: 300000, script: 30000}, unhandledPromptBehavior: dismiss and notify, webauthn:extension:credBlob: true, webauthn:extension:largeBlob: true, webauthn:extension:minPinLength: true, webauthn:extension:prf: true, webauthn:virtualAuthenticators: true}\nSession ID: 24f9944bcb45273a24bc022c47d07cd8\n\tat java.base/jdk.internal.reflect.NativeConstructorAccessorImpl.newInstance0(Native Method)\n\tat java.base/jdk.internal.reflect.NativeConstructorAccessorImpl.newInstance(NativeConstructorAccessorImpl.java:62)\n\tat java.base/jdk.internal.reflect.DelegatingConstructorAccessorImpl.newInstance(DelegatingConstructorAccessorImpl.java:45)\n\tat java.base/java.lang.reflect.Constructor.newInstance(Constructor.java:490)\n\tat org.openqa.selenium.remote.codec.w3c.W3CHttpResponseCodec.createException(W3CHttpResponseCodec.java:200)\n\tat org.openqa.selenium.remote.codec.w3c.W3CHttpResponseCodec.decode(W3CHttpResponseCodec.java:133)\n\tat org.openqa.selenium.remote.codec.w3c.W3CHttpResponseCodec.decode(W3CHttpResponseCodec.java:53)\n\tat org.openqa.selenium.remote.HttpCommandExecutor.execute(HttpCommandExecutor.java:184)\n\tat org.openqa.selenium.remote.service.DriverCommandExecutor.invokeExecute(DriverCommandExecutor.java:167)\n\tat org.openqa.selenium.remote.service.DriverCommandExecutor.execute(DriverCommandExecutor.java:142)\n\tat org.openqa.selenium.remote.RemoteWebDriver.execute(RemoteWebDriver.java:569)\n\tat org.openqa.selenium.remote.RemoteWebDriver.get(RemoteWebDriver.java:332)\n\tat support.BasePage.visit(BasePage.java:44)\n\tat actions.accessibilities.LoginActions.openHome(LoginActions.java:27)\n\tat steps.accessibilities.LoginSteps.the_user_accesses_the_site(LoginSteps.java:15)\n\tat java.base/jdk.internal.reflect.NativeMethodAccessorImpl.invoke0(Native Method)\n\tat java.base/jdk.internal.reflect.NativeMethodAccessorImpl.invoke(NativeMethodAccessorImpl.java:62)\n\tat java.base/jdk.internal.reflect.DelegatingMethodAccessorImpl.invoke(DelegatingMethodAccessorImpl.java:43)\n\tat java.base/java.lang.reflect.Method.invoke(Method.java:566)\n\tat io.cucumber.java.Invoker.doInvoke(Invoker.java:66)\n\tat io.cucumber.java.Invoker.invoke(Invoker.java:24)\n\tat io.cucumber.java.AbstractGlueDefinition.invokeMethod(AbstractGlueDefinition.java:47)\n\tat io.cucumber.java.JavaStepDefinition.execute(JavaStepDefinition.java:29)\n\tat io.cucumber.core.runner.CoreStepDefinition.execute(CoreStepDefinition.java:66)\n\tat io.cucumber.core.runner.PickleStepDefinitionMatch.runStep(PickleStepDefinitionMatch.java:63)\n\tat io.cucumber.core.runner.ExecutionMode$1.execute(ExecutionMode.java:10)\n\tat io.cucumber.core.runner.TestStep.executeStep(TestStep.java:85)\n\tat io.cucumber.core.runner.TestStep.run(TestStep.java:57)\n\tat io.cucumber.core.runner.PickleStepTestStep.run(PickleStepTestStep.java:51)\n\tat io.cucumber.core.runner.TestCase.run(TestCase.java:84)\n\tat io.cucumber.core.runner.Runner.runPickle(Runner.java:75)\n\tat io.cucumber.junit.PickleRunners$NoStepDescriptions.lambda$run$0(PickleRunners.java:151)\n\tat io.cucumber.core.runtime.CucumberExecutionContext.lambda$runTestCase$5(CucumberExecutionContext.java:129)\n\tat io.cucumber.core.runtime.RethrowingThrowableCollector.executeAndThrow(RethrowingThrowableCollector.java:23)\n\tat io.cucumber.core.runtime.CucumberExecutionContext.runTestCase(CucumberExecutionContext.java:129)\n\tat io.cucumber.junit.PickleRunners$NoStepDescriptions.run(PickleRunners.java:148)\n\tat io.cucumber.junit.FeatureRunner.runChild(FeatureRunner.java:144)\n\tat io.cucumber.junit.FeatureRunner.runChild(FeatureRunner.java:28)\n\tat org.junit.runners.ParentRunner$4.run(ParentRunner.java:331)\n\tat org.junit.runners.ParentRunner$1.schedule(ParentRunner.java:79)\n\tat org.junit.runners.ParentRunner.runChildren(ParentRunner.java:329)\n\tat org.junit.runners.ParentRunner.access$100(ParentRunner.java:66)\n\tat org.junit.runners.ParentRunner$2.evaluate(ParentRunner.java:293)\n\tat org.junit.runners.ParentRunner$3.evaluate(ParentRunner.java:306)\n\tat org.junit.runners.ParentRunner.run(ParentRunner.java:413)\n\tat io.cucumber.junit.FeatureRunner.run(FeatureRunner.java:137)\n\tat io.cucumber.junit.Cucumber.runChild(Cucumber.java:196)\n\tat io.cucumber.junit.Cucumber.runChild(Cucumber.java:89)\n\tat org.junit.runners.ParentRunner$4.run(ParentRunner.java:331)\n\tat org.junit.runners.ParentRunner$1.schedule(ParentRunner.java:79)\n\tat org.junit.runners.ParentRunner.runChildren(ParentRunner.java:329)\n\tat org.junit.runners.ParentRunner.access$100(ParentRunner.java:66)\n\tat org.junit.runners.ParentRunner$2.evaluate(ParentRunner.java:293)\n\tat io.cucumber.junit.Cucumber$RunBeforeAllHooks.evaluate(Cucumber.java:266)\n\tat io.cucumber.junit.Cucumber$RunAfterAllHooks.evaluate(Cucumber.java:281)\n\tat io.cucumber.junit.Cucumber$StartTestRun.evaluate(Cucumber.java:233)\n\tat io.cucumber.junit.Cucumber$FinishTestRun.evaluate(Cucumber.java:248)\n\tat org.junit.runners.ParentRunner$3.evaluate(ParentRunner.java:306)\n\tat org.junit.runners.ParentRunner.run(ParentRunner.java:413)\n\tat org.apache.maven.surefire.junit4.JUnit4Provider.execute(JUnit4Provider.java:365)\n\tat org.apache.maven.surefire.junit4.JUnit4Provider.executeWithRerun(JUnit4Provider.java:273)\n\tat org.apache.maven.surefire.junit4.JUnit4Provider.executeTestSet(JUnit4Provider.java:238)\n\tat org.apache.maven.surefire.junit4.JUnit4Provider.invoke(JUnit4Provider.java:159)\n\tat org.apache.maven.surefire.booter.ForkedBooter.invokeProviderInSameClassLoader(ForkedBooter.java:383)\n\tat org.apache.maven.surefire.booter.ForkedBooter.runSuitesInProcess(ForkedBooter.java:344)\n\tat org.apache.maven.surefire.booter.ForkedBooter.execute(ForkedBooter.java:125)\n\tat org.apache.maven.surefire.booter.ForkedBooter.main(ForkedBooter.java:417)\n","steps":[{"name":"Given  the user accesses the site","time":{"start":1743192710188,"stop":1743192711799,"duration":1611},"status":"broken","statusMessage":"Error visiting URL: http://automationpratice.com.br","statusTrace":"java.lang.RuntimeException: Error visiting URL: http://automationpratice.com.br\n\tat support.BasePage.visit(BasePage.java:46)\n\tat actions.accessibilities.LoginActions.openHome(LoginActions.java:27)\n\tat steps.accessibilities.LoginSteps.the_user_accesses_the_site(LoginSteps.java:15)\n\tat ✽.the user accesses the site(file:///home/runner/work/Selenium-Cucumber-Java/Selenium-Cucumber-Java/src/test/resources/features/usability/BuyProduct.feature:8)\nCaused by: org.openqa.selenium.WebDriverException: unknown error: net::ERR_CONNECTION_RESET\n  (Session info: MicrosoftEdge=134.0.3124.95)\nBuild info: version: '4.3.0', revision: 'a4995e2c09*'\nSystem info: host: 'fv-az1983-172', ip: '10.1.0.137', os.name: 'Linux', os.arch: 'amd64', os.version: '6.8.0-1021-azure', java.version: '11.0.26'\nDriver info: org.openqa.selenium.edge.EdgeDriver\nCommand: [24f9944bcb45273a24bc022c47d07cd8, get {url=http://automationpratice.com.br}]\nCapabilities {acceptInsecureCerts: false, browserName: MicrosoftEdge, browserVersion: 134.0.3124.95, fedcm:accounts: true, ms:edgeOptions: {debuggerAddress: localhost:36757}, msedge: {msedgedriverVersion: 134.0.3124.95 (92cd2f8e466e..., userDataDir: /tmp/.com.microsoft.Edge.qZ...}, networkConnectionEnabled: false, pageLoadStrategy: normal, platformName: LINUX, proxy: Proxy(), se:cdp: ws://localhost:36757/devtoo..., se:cdpVersion: 134.0.3124.95, setWindowRect: true, strictFileInteractability: false, timeouts: {implicit: 0, pageLoad: 300000, script: 30000}, unhandledPromptBehavior: dismiss and notify, webauthn:extension:credBlob: true, webauthn:extension:largeBlob: true, webauthn:extension:minPinLength: true, webauthn:extension:prf: true, webauthn:virtualAuthenticators: true}\nSession ID: 24f9944bcb45273a24bc022c47d07cd8\n\tat java.base/jdk.internal.reflect.NativeConstructorAccessorImpl.newInstance0(Native Method)\n\tat java.base/jdk.internal.reflect.NativeConstructorAccessorImpl.newInstance(NativeConstructorAccessorImpl.java:62)\n\tat java.base/jdk.internal.reflect.DelegatingConstructorAccessorImpl.newInstance(DelegatingConstructorAccessorImpl.java:45)\n\tat java.base/java.lang.reflect.Constructor.newInstance(Constructor.java:490)\n\tat org.openqa.selenium.remote.codec.w3c.W3CHttpResponseCodec.createException(W3CHttpResponseCodec.java:200)\n\tat org.openqa.selenium.remote.codec.w3c.W3CHttpResponseCodec.decode(W3CHttpResponseCodec.java:133)\n\tat org.openqa.selenium.remote.codec.w3c.W3CHttpResponseCodec.decode(W3CHttpResponseCodec.java:53)\n\tat org.openqa.selenium.remote.HttpCommandExecutor.execute(HttpCommandExecutor.java:184)\n\tat org.openqa.selenium.remote.service.DriverCommandExecutor.invokeExecute(DriverCommandExecutor.java:167)\n\tat org.openqa.selenium.remote.service.DriverCommandExecutor.execute(DriverCommandExecutor.java:142)\n\tat org.openqa.selenium.remote.RemoteWebDriver.execute(RemoteWebDriver.java:569)\n\tat org.openqa.selenium.remote.RemoteWebDriver.get(RemoteWebDriver.java:332)\n\tat support.BasePage.visit(BasePage.java:44)\n\tat actions.accessibilities.LoginActions.openHome(LoginActions.java:27)\n\tat steps.accessibilities.LoginSteps.the_user_accesses_the_site(LoginSteps.java:15)\n\tat java.base/jdk.internal.reflect.NativeMethodAccessorImpl.invoke0(Native Method)\n\tat java.base/jdk.internal.reflect.NativeMethodAccessorImpl.invoke(NativeMethodAccessorImpl.java:62)\n\tat java.base/jdk.internal.reflect.DelegatingMethodAccessorImpl.invoke(DelegatingMethodAccessorImpl.java:43)\n\tat java.base/java.lang.reflect.Method.invoke(Method.java:566)\n\tat io.cucumber.java.Invoker.doInvoke(Invoker.java:66)\n\tat io.cucumber.java.Invoker.invoke(Invoker.java:24)\n\tat io.cucumber.java.AbstractGlueDefinition.invokeMethod(AbstractGlueDefinition.java:47)\n\tat io.cucumber.java.JavaStepDefinition.execute(JavaStepDefinition.java:29)\n\tat io.cucumber.core.runner.CoreStepDefinition.execute(CoreStepDefinition.java:66)\n\tat io.cucumber.core.runner.PickleStepDefinitionMatch.runStep(PickleStepDefinitionMatch.java:63)\n\tat io.cucumber.core.runner.ExecutionMode$1.execute(ExecutionMode.java:10)\n\tat io.cucumber.core.runner.TestStep.executeStep(TestStep.java:85)\n\tat io.cucumber.core.runner.TestStep.run(TestStep.java:57)\n\tat io.cucumber.core.runner.PickleStepTestStep.run(PickleStepTestStep.java:51)\n\tat io.cucumber.core.runner.TestCase.run(TestCase.java:84)\n\tat io.cucumber.core.runner.Runner.runPickle(Runner.java:75)\n\tat io.cucumber.junit.PickleRunners$NoStepDescriptions.lambda$run$0(PickleRunners.java:151)\n\tat io.cucumber.core.runtime.CucumberExecutionContext.lambda$runTestCase$5(CucumberExecutionContext.java:129)\n\tat io.cucumber.core.runtime.RethrowingThrowableCollector.executeAndThrow(RethrowingThrowableCollector.java:23)\n\tat io.cucumber.core.runtime.CucumberExecutionContext.runTestCase(CucumberExecutionContext.java:129)\n\tat io.cucumber.junit.PickleRunners$NoStepDescriptions.run(PickleRunners.java:148)\n\tat io.cucumber.junit.FeatureRunner.runChild(FeatureRunner.java:144)\n\tat io.cucumber.junit.FeatureRunner.runChild(FeatureRunner.java:28)\n\tat org.junit.runners.ParentRunner$4.run(ParentRunner.java:331)\n\tat org.junit.runners.ParentRunner$1.schedule(ParentRunner.java:79)\n\tat org.junit.runners.ParentRunner.runChildren(ParentRunner.java:329)\n\tat org.junit.runners.ParentRunner.access$100(ParentRunner.java:66)\n\tat org.junit.runners.ParentRunner$2.evaluate(ParentRunner.java:293)\n\tat org.junit.runners.ParentRunner$3.evaluate(ParentRunner.java:306)\n\tat org.junit.runners.ParentRunner.run(ParentRunner.java:413)\n\tat io.cucumber.junit.FeatureRunner.run(FeatureRunner.java:137)\n\tat io.cucumber.junit.Cucumber.runChild(Cucumber.java:196)\n\tat io.cucumber.junit.Cucumber.runChild(Cucumber.java:89)\n\tat org.junit.runners.ParentRunner$4.run(ParentRunner.java:331)\n\tat org.junit.runners.ParentRunner$1.schedule(ParentRunner.java:79)\n\tat org.junit.runners.ParentRunner.runChildren(ParentRunner.java:329)\n\tat org.junit.runners.ParentRunner.access$100(ParentRunner.java:66)\n\tat org.junit.runners.ParentRunner$2.evaluate(ParentRunner.java:293)\n\tat io.cucumber.junit.Cucumber$RunBeforeAllHooks.evaluate(Cucumber.java:266)\n\tat io.cucumber.junit.Cucumber$RunAfterAllHooks.evaluate(Cucumber.java:281)\n\tat io.cucumber.junit.Cucumber$StartTestRun.evaluate(Cucumber.java:233)\n\tat io.cucumber.junit.Cucumber$FinishTestRun.evaluate(Cucumber.java:248)\n\tat org.junit.runners.ParentRunner$3.evaluate(ParentRunner.java:306)\n\tat org.junit.runners.ParentRunner.run(ParentRunner.java:413)\n\tat org.apache.maven.surefire.junit4.JUnit4Provider.execute(JUnit4Provider.java:365)\n\tat org.apache.maven.surefire.junit4.JUnit4Provider.executeWithRerun(JUnit4Provider.java:273)\n\tat org.apache.maven.surefire.junit4.JUnit4Provider.executeTestSet(JUnit4Provider.java:238)\n\tat org.apache.maven.surefire.junit4.JUnit4Provider.invoke(JUnit4Provider.java:159)\n\tat org.apache.maven.surefire.booter.ForkedBooter.invokeProviderInSameClassLoader(ForkedBooter.java:383)\n\tat org.apache.maven.surefire.booter.ForkedBooter.runSuitesInProcess(ForkedBooter.java:344)\n\tat org.apache.maven.surefire.booter.ForkedBooter.execute(ForkedBooter.java:125)\n\tat org.apache.maven.surefire.booter.ForkedBooter.main(ForkedBooter.java:417)\n","steps":[],"attachments":[],"parameters":[],"shouldDisplayMessage":true,"stepsCount":0,"attachmentsCount":0,"hasContent":true,"attachmentStep":false},{"name":"And  accesses the login page","time":{"start":1743192711800,"stop":1743192711800,"duration":0},"status":"skipped","steps":[],"attachments":[],"parameters":[],"shouldDisplayMessage":false,"stepsCount":0,"attachmentsCount":0,"hasContent":false,"attachmentStep":false},{"name":"And  logs in with email \"qaTest@gmail.com\" and password \"Change@123\"","time":{"start":1743192711800,"stop":1743192711801,"duration":1},"status":"skipped","steps":[],"attachments":[],"parameters":[],"shouldDisplayMessage":false,"stepsCount":0,"attachmentsCount":0,"hasContent":false,"attachmentStep":false},{"name":"And  search for the product \"T-Shirt For Men\"","time":{"start":1743192711801,"stop":1743192711801,"duration":0},"status":"skipped","steps":[],"attachments":[],"parameters":[],"shouldDisplayMessage":false,"stepsCount":0,"attachmentsCount":0,"hasContent":false,"attachmentStep":false},{"name":"And  add this item to the cart","time":{"start":1743192711801,"stop":1743192711801,"duration":0},"status":"skipped","steps":[],"attachments":[],"parameters":[],"shouldDisplayMessage":false,"stepsCount":0,"attachmentsCount":0,"hasContent":false,"attachmentStep":false},{"name":"And  proceed to checkout","time":{"start":1743192711801,"stop":1743192711802,"duration":1},"status":"skipped","steps":[],"attachments":[],"parameters":[],"shouldDisplayMessage":false,"stepsCount":0,"attachmentsCount":0,"hasContent":false,"attachmentStep":false},{"name":"When  they choose the payment method","time":{"start":1743192711802,"stop":1743192711802,"duration":0},"status":"skipped","steps":[],"attachments":[],"parameters":[],"shouldDisplayMessage":false,"stepsCount":0,"attachmentsCount":0,"hasContent":false,"attachmentStep":false},{"name":"And  confirm the purchase","time":{"start":1743192711802,"stop":1743192711802,"duration":0},"status":"skipped","steps":[],"attachments":[],"parameters":[],"shouldDisplayMessage":false,"stepsCount":0,"attachmentsCount":0,"hasContent":false,"attachmentStep":false},{"name":"Then  their purchase is completed successfully","time":{"start":1743192711802,"stop":1743192711802,"duration":0},"status":"skipped","steps":[],"attachments":[],"parameters":[],"shouldDisplayMessage":false,"stepsCount":0,"attachmentsCount":0,"hasContent":false,"attachmentStep":false}],"attachments":[],"parameters":[],"shouldDisplayMessage":false,"stepsCount":9,"attachmentsCount":0,"hasContent":true,"attachmentStep":false},"afterStages":[{"name":"steps.Hooks.end(io.cucumber.java.Scenario)","time":{"start":1743192711802,"stop":1743192712032,"duration":230},"status":"passed","steps":[],"attachments":[{"uid":"4c323750e6af1554","name":"Screenshot","source":"4c323750e6af1554.png","type":"image/png","size":26438}],"parameters":[],"shouldDisplayMessage":false,"stepsCount":0,"attachmentsCount":1,"hasContent":true,"attachmentStep":false}],"labels":[{"name":"tag","value":"regression"},{"name":"tag","value":"buy_product_all"},{"name":"tag","value":"buy_product"},{"name":"host","value":"fv-az1983-172"},{"name":"thread","value":"6621@fv-az1983-172.main(1)"},{"name":"feature","value":"Purchase of a Product"},{"name":"story","value":"Purchase of a product"},{"name":"suite","value":"Purchase of a Product"},{"name":"testClass","value":"Purchase of a product"},{"name":"framework","value":"cucumber4jvm"},{"name":"language","value":"java"},{"name":"gherkin_uri","value":"file:///home/runner/work/Selenium-Cucumber-Java/Selenium-Cucumber-Java/src/test/resources/features/usability/BuyProduct.feature"},{"name":"package","value":"src.test.resources.features.usability.BuyProduct_feature.Purchase of a Product"},{"name":"resultFormat","value":"allure2"}],"parameters":[],"links":[],"hidden":false,"retry":false,"extra":{"severity":"normal","retries":[{"uid":"b4acf56a0c44d750","status":"broken","statusDetails":"Error visiting URL: http://automationpratice.com.br","time":{"start":1743192685659,"stop":1743192687871,"duration":2212}}],"categories":[{"name":"Test defects","matchedStatuses":[],"flaky":false}],"history":{"statistic":{"failed":0,"broken":1,"skipped":0,"passed":51,"unknown":0,"total":52},"items":[{"uid":"d50562dc3829c96f","reportUrl":"https://juliosantosjob.github.io/Selenium-Cucumber-Java/535//#testresult/d50562dc3829c96f","status":"passed","time":{"start":1743164206680,"stop":1743164238879,"duration":32199}},{"uid":"ec8a83510160c159","reportUrl":"https://juliosantosjob.github.io/Selenium-Cucumber-Java/534//#testresult/ec8a83510160c159","status":"passed","time":{"start":1743106297409,"stop":1743106330247,"duration":32838}},{"uid":"396726df127f2373","reportUrl":"https://juliosantosjob.github.io/Selenium-Cucumber-Java/533//#testresult/396726df127f2373","status":"passed","time":{"start":1743077947848,"stop":1743077980350,"duration":32502}},{"uid":"d4fe1b6f40e4e696","reportUrl":"https://juliosantosjob.github.io/Selenium-Cucumber-Java/532//#testresult/d4fe1b6f40e4e696","status":"passed","time":{"start":1743019527652,"stop":1743019561639,"duration":33987}},{"uid":"d2e7c303110c83d8","reportUrl":"https://juliosantosjob.github.io/Selenium-Cucumber-Java/531//#testresult/d2e7c303110c83d8","status":"passed","time":{"start":1742991485752,"stop":1742991517936,"duration":32184}},{"uid":"7968dbadbc6ac3c7","reportUrl":"https://juliosantosjob.github.io/Selenium-Cucumber-Java/530//#testresult/7968dbadbc6ac3c7","status":"passed","time":{"start":1742933494175,"stop":1742933526052,"duration":31877}},{"uid":"bafe785fe12a3be0","reportUrl":"https://juliosantosjob.github.io/Selenium-Cucumber-Java/529//#testresult/bafe785fe12a3be0","status":"passed","time":{"start":1742905090630,"stop":1742905124312,"duration":33682}},{"uid":"949165002a60cbf1","reportUrl":"https://juliosantosjob.github.io/Selenium-Cucumber-Java/528//#testresult/949165002a60cbf1","status":"passed","time":{"start":1742846658692,"stop":1742846691176,"duration":32484}},{"uid":"1c4e9d622ae38353","reportUrl":"https://juliosantosjob.github.io/Selenium-Cucumber-Java/527//#testresult/1c4e9d622ae38353","status":"passed","time":{"start":1742818763544,"stop":1742818796226,"duration":32682}},{"uid":"55f64200de5fbc95","reportUrl":"https://juliosantosjob.github.io/Selenium-Cucumber-Java/526//#testresult/55f64200de5fbc95","status":"passed","time":{"start":1742757194417,"stop":1742757227870,"duration":33453}},{"uid":"3732f2859cf3532","reportUrl":"https://juliosantosjob.github.io/Selenium-Cucumber-Java/525//#testresult/3732f2859cf3532","status":"passed","time":{"start":1742587890472,"stop":1742587924328,"duration":33856}},{"uid":"119c35c3d5665463","reportUrl":"https://juliosantosjob.github.io/Selenium-Cucumber-Java/524//#testresult/119c35c3d5665463","status":"passed","time":{"start":1742559419062,"stop":1742559452214,"duration":33152}},{"uid":"e6b5e8d0ff42a477","reportUrl":"https://juliosantosjob.github.io/Selenium-Cucumber-Java/523//#testresult/e6b5e8d0ff42a477","status":"passed","time":{"start":1742501500398,"stop":1742501533549,"duration":33151}},{"uid":"202130d16beabbc5","reportUrl":"https://juliosantosjob.github.io/Selenium-Cucumber-Java/522//#testresult/202130d16beabbc5","status":"passed","time":{"start":1742473076213,"stop":1742473110296,"duration":34083}},{"uid":"7aad92d87836c22","reportUrl":"https://juliosantosjob.github.io/Selenium-Cucumber-Java/521//#testresult/7aad92d87836c22","status":"passed","time":{"start":1742415271637,"stop":1742415304887,"duration":33250}},{"uid":"ddce82c6399596fa","reportUrl":"https://juliosantosjob.github.io/Selenium-Cucumber-Java/520//#testresult/ddce82c6399596fa","status":"passed","time":{"start":1742386619087,"stop":1742386652576,"duration":33489}},{"uid":"a95cb3f71d6bf233","reportUrl":"https://juliosantosjob.github.io/Selenium-Cucumber-Java/519//#testresult/a95cb3f71d6bf233","status":"passed","time":{"start":1742328255737,"stop":1742328288610,"duration":32873}},{"uid":"1dee1ea0484bce71","reportUrl":"https://juliosantosjob.github.io/Selenium-Cucumber-Java/518//#testresult/1dee1ea0484bce71","status":"passed","time":{"start":1742300234157,"stop":1742300267528,"duration":33371}},{"uid":"5a4c33b70725b8f3","reportUrl":"https://juliosantosjob.github.io/Selenium-Cucumber-Java/517//#testresult/5a4c33b70725b8f3","status":"passed","time":{"start":1742242297509,"stop":1742242330916,"duration":33407}},{"uid":"eb7aebf1c358ee22","reportUrl":"https://juliosantosjob.github.io/Selenium-Cucumber-Java/516//#testresult/eb7aebf1c358ee22","status":"passed","time":{"start":1742213865206,"stop":1742213899041,"duration":33835}}]},"tags":["buy_product","regression","buy_product_all"]},"source":"35b1b6e5add64bb6.json","parameterValues":[]}